<?xml version="1.0" encoding="UTF-8"?>
<testng-results ignored="0" total="6" passed="4" failed="2" skipped="0">
  <reporter-output>
  </reporter-output>
  <suite started-at="2025-03-03T15:52:11 IST" name="Suite" finished-at="2025-03-03T15:52:49 IST" duration-ms="37277">
    <groups>
      <group name="ErrorHandling">
        <method signature="ErrorValidationsSampleTest.LoginErrorValidation()[pri:0, instance:rahulshettyacademy.tests.ErrorValidationsSampleTest@4c2bb6e0]" name="LoginErrorValidation" class="rahulshettyacademy.tests.ErrorValidationsSampleTest"/>
      </group> <!-- ErrorHandling -->
      <group name="Purchase">
        <method signature="SampleOrderTestSixthJson.submitOrderTest(java.util.HashMap)[pri:0, instance:rahulshettyacademy.tests.SampleOrderTestSixthJson@1807f5a7]" name="submitOrderTest" class="rahulshettyacademy.tests.SampleOrderTestSixthJson"/>
      </group> <!-- Purchase -->
    </groups>
    <test started-at="2025-03-03T15:52:11 IST" name="Error Validation Test" finished-at="2025-03-03T15:52:28 IST" duration-ms="16331">
      <class name="rahulshettyacademy.tests.ErrorValidationsSampleTest">
        <test-method is-config="true" signature="launchApplication()[pri:0, instance:rahulshettyacademy.tests.ErrorValidationsSampleTest@4c2bb6e0]" started-at="2025-03-03T15:52:11 IST" name="launchApplication" finished-at="2025-03-03T15:52:14 IST" duration-ms="3037" status="PASS">
          <reporter-output>
          </reporter-output>
        </test-method> <!-- launchApplication -->
        <test-method signature="LoginErrorValidation()[pri:0, instance:rahulshettyacademy.tests.ErrorValidationsSampleTest@4c2bb6e0]" started-at="2025-03-03T15:52:14 IST" name="LoginErrorValidation" finished-at="2025-03-03T15:52:19 IST" duration-ms="4603" status="FAIL">
          <exception class="java.lang.AssertionError">
            <message>
              <![CDATA[expected [Login Successfully] but found [Incorrect email or password.]]]>
            </message>
            <full-stacktrace>
              <![CDATA[java.lang.AssertionError: expected [Login Successfully] but found [Incorrect email or password.]
at org.testng.Assert.fail(Assert.java:111)
at org.testng.Assert.failNotEquals(Assert.java:1578)
at org.testng.Assert.assertEqualsImpl(Assert.java:150)
at org.testng.Assert.assertEquals(Assert.java:132)
at org.testng.Assert.assertEquals(Assert.java:656)
at org.testng.Assert.assertEquals(Assert.java:666)
at rahulshettyacademy.tests.ErrorValidationsSampleTest.LoginErrorValidation(ErrorValidationsSampleTest.java:26)
at java.base/jdk.internal.reflect.DirectMethodHandleAccessor.invoke(DirectMethodHandleAccessor.java:103)
at java.base/java.lang.reflect.Method.invoke(Method.java:580)
at org.testng.internal.invokers.MethodInvocationHelper.invokeMethod(MethodInvocationHelper.java:141)
at org.testng.internal.invokers.TestInvoker.invokeMethod(TestInvoker.java:686)
at org.testng.internal.invokers.TestInvoker.invokeTestMethod(TestInvoker.java:230)
at org.testng.internal.invokers.MethodRunner.runInSequence(MethodRunner.java:63)
at org.testng.internal.invokers.TestInvoker$MethodInvocationAgent.invoke(TestInvoker.java:992)
at org.testng.internal.invokers.TestInvoker.invokeTestMethods(TestInvoker.java:203)
at org.testng.internal.invokers.TestMethodWorker.invokeTestMethods(TestMethodWorker.java:154)
at org.testng.internal.invokers.TestMethodWorker.run(TestMethodWorker.java:134)
at java.base/java.util.ArrayList.forEach(ArrayList.java:1597)
at org.testng.TestRunner.privateRun(TestRunner.java:739)
at org.testng.TestRunner.run(TestRunner.java:614)
at org.testng.SuiteRunner.runTest(SuiteRunner.java:421)
at org.testng.SuiteRunner$SuiteWorker.run(SuiteRunner.java:463)
at org.testng.internal.thread.ThreadUtil.lambda$execute$0(ThreadUtil.java:64)
at java.base/java.util.concurrent.FutureTask.run(FutureTask.java:317)
at java.base/java.util.concurrent.ThreadPoolExecutor.runWorker(ThreadPoolExecutor.java:1144)
at java.base/java.util.concurrent.ThreadPoolExecutor$Worker.run(ThreadPoolExecutor.java:642)
at java.base/java.lang.Thread.run(Thread.java:1575)
]]>
            </full-stacktrace>
          </exception> <!-- java.lang.AssertionError -->
          <reporter-output>
          </reporter-output>
        </test-method> <!-- LoginErrorValidation -->
        <test-method is-config="true" signature="tearDown()[pri:0, instance:rahulshettyacademy.tests.ErrorValidationsSampleTest@4c2bb6e0]" started-at="2025-03-03T15:52:19 IST" name="tearDown" finished-at="2025-03-03T15:52:19 IST" duration-ms="0" status="PASS">
          <reporter-output>
          </reporter-output>
        </test-method> <!-- tearDown -->
        <test-method is-config="true" signature="launchApplication()[pri:0, instance:rahulshettyacademy.tests.ErrorValidationsSampleTest@4c2bb6e0]" started-at="2025-03-03T15:52:19 IST" name="launchApplication" finished-at="2025-03-03T15:52:26 IST" duration-ms="6540" status="PASS">
          <reporter-output>
          </reporter-output>
        </test-method> <!-- launchApplication -->
        <test-method signature="ProductErrorValidation()[pri:0, instance:rahulshettyacademy.tests.ErrorValidationsSampleTest@4c2bb6e0]" started-at="2025-03-03T15:52:26 IST" name="ProductErrorValidation" finished-at="2025-03-03T15:52:27 IST" duration-ms="1478" status="FAIL">
          <exception class="java.lang.NullPointerException">
            <message>
              <![CDATA[Cannot invoke "org.openqa.selenium.WebElement.findElement(org.openqa.selenium.By)" because "prod" is null]]>
            </message>
            <full-stacktrace>
              <![CDATA[java.lang.NullPointerException: Cannot invoke "org.openqa.selenium.WebElement.findElement(org.openqa.selenium.By)" because "prod" is null
at rahulshettyacademy.pageobjects.ProductCatalogue.addProductToCart(ProductCatalogue.java:50)
at rahulshettyacademy.tests.ErrorValidationsSampleTest.ProductErrorValidation(ErrorValidationsSampleTest.java:36)
at java.base/jdk.internal.reflect.DirectMethodHandleAccessor.invoke(DirectMethodHandleAccessor.java:103)
at java.base/java.lang.reflect.Method.invoke(Method.java:580)
at org.testng.internal.invokers.MethodInvocationHelper.invokeMethod(MethodInvocationHelper.java:141)
at org.testng.internal.invokers.TestInvoker.invokeMethod(TestInvoker.java:686)
at org.testng.internal.invokers.TestInvoker.invokeTestMethod(TestInvoker.java:230)
at org.testng.internal.invokers.MethodRunner.runInSequence(MethodRunner.java:63)
at org.testng.internal.invokers.TestInvoker$MethodInvocationAgent.invoke(TestInvoker.java:992)
at org.testng.internal.invokers.TestInvoker.invokeTestMethods(TestInvoker.java:203)
at org.testng.internal.invokers.TestMethodWorker.invokeTestMethods(TestMethodWorker.java:154)
at org.testng.internal.invokers.TestMethodWorker.run(TestMethodWorker.java:134)
at java.base/java.util.ArrayList.forEach(ArrayList.java:1597)
at org.testng.TestRunner.privateRun(TestRunner.java:739)
at org.testng.TestRunner.run(TestRunner.java:614)
at org.testng.SuiteRunner.runTest(SuiteRunner.java:421)
at org.testng.SuiteRunner$SuiteWorker.run(SuiteRunner.java:463)
at org.testng.internal.thread.ThreadUtil.lambda$execute$0(ThreadUtil.java:64)
at java.base/java.util.concurrent.FutureTask.run(FutureTask.java:317)
at java.base/java.util.concurrent.ThreadPoolExecutor.runWorker(ThreadPoolExecutor.java:1144)
at java.base/java.util.concurrent.ThreadPoolExecutor$Worker.run(ThreadPoolExecutor.java:642)
at java.base/java.lang.Thread.run(Thread.java:1575)
]]>
            </full-stacktrace>
          </exception> <!-- java.lang.NullPointerException -->
          <reporter-output>
          </reporter-output>
        </test-method> <!-- ProductErrorValidation -->
        <test-method is-config="true" signature="tearDown()[pri:0, instance:rahulshettyacademy.tests.ErrorValidationsSampleTest@4c2bb6e0]" started-at="2025-03-03T15:52:28 IST" name="tearDown" finished-at="2025-03-03T15:52:28 IST" duration-ms="0" status="PASS">
          <reporter-output>
          </reporter-output>
        </test-method> <!-- tearDown -->
      </class> <!-- rahulshettyacademy.tests.ErrorValidationsSampleTest -->
    </test> <!-- Error Validation Test -->
    <test started-at="2025-03-03T15:52:11 IST" name="Submit Order Test" finished-at="2025-03-03T15:52:49 IST" duration-ms="37277">
      <class name="rahulshettyacademy.tests.SampleOrderTestSixthJson">
        <test-method is-config="true" signature="launchApplication()[pri:0, instance:rahulshettyacademy.tests.SampleOrderTestSixthJson@1807f5a7]" started-at="2025-03-03T15:52:12 IST" name="launchApplication" finished-at="2025-03-03T15:52:19 IST" duration-ms="7955" status="PASS">
          <reporter-output>
          </reporter-output>
        </test-method> <!-- launchApplication -->
        <test-method signature="submitOrderTest(java.util.HashMap)[pri:0, instance:rahulshettyacademy.tests.SampleOrderTestSixthJson@1807f5a7]" started-at="2025-03-03T15:52:19 IST" name="submitOrderTest" data-provider="getData" finished-at="2025-03-03T15:52:23 IST" duration-ms="3918" status="PASS">
          <params>
            <param index="0">
              <value>
                <![CDATA[{password=Test123456!, product=ZARA COAT 3, email=mitra_ranjana@yahoo.co.in}]]>
              </value>
            </param>
          </params>
          <reporter-output>
          </reporter-output>
        </test-method> <!-- submitOrderTest -->
        <test-method is-config="true" signature="tearDown()[pri:0, instance:rahulshettyacademy.tests.SampleOrderTestSixthJson@1807f5a7]" started-at="2025-03-03T15:52:23 IST" name="tearDown" finished-at="2025-03-03T15:52:23 IST" duration-ms="0" status="PASS">
          <reporter-output>
          </reporter-output>
        </test-method> <!-- tearDown -->
        <test-method is-config="true" signature="launchApplication()[pri:0, instance:rahulshettyacademy.tests.SampleOrderTestSixthJson@1807f5a7]" started-at="2025-03-03T15:52:23 IST" name="launchApplication" finished-at="2025-03-03T15:52:29 IST" duration-ms="5477" status="PASS">
          <reporter-output>
          </reporter-output>
        </test-method> <!-- launchApplication -->
        <test-method signature="submitOrderTest(java.util.HashMap)[pri:0, instance:rahulshettyacademy.tests.SampleOrderTestSixthJson@1807f5a7]" started-at="2025-03-03T15:52:29 IST" name="submitOrderTest" data-provider="getData" finished-at="2025-03-03T15:52:32 IST" duration-ms="3590" status="PASS">
          <params>
            <param index="0">
              <value>
                <![CDATA[{password=Test12345!, product=ZARA COAT 3, email=ranjanamitra2016@gmail.com}]]>
              </value>
            </param>
          </params>
          <reporter-output>
          </reporter-output>
        </test-method> <!-- submitOrderTest -->
        <test-method is-config="true" signature="tearDown()[pri:0, instance:rahulshettyacademy.tests.SampleOrderTestSixthJson@1807f5a7]" started-at="2025-03-03T15:52:32 IST" name="tearDown" finished-at="2025-03-03T15:52:32 IST" duration-ms="6" status="PASS">
          <reporter-output>
          </reporter-output>
        </test-method> <!-- tearDown -->
        <test-method is-config="true" signature="launchApplication()[pri:0, instance:rahulshettyacademy.tests.SampleOrderTestSixthJson@1807f5a7]" started-at="2025-03-03T15:52:32 IST" name="launchApplication" finished-at="2025-03-03T15:52:37 IST" duration-ms="4041" status="PASS">
          <reporter-output>
          </reporter-output>
        </test-method> <!-- launchApplication -->
        <test-method signature="submitOrderTest(java.util.HashMap)[pri:0, instance:rahulshettyacademy.tests.SampleOrderTestSixthJson@1807f5a7]" started-at="2025-03-03T15:52:37 IST" name="submitOrderTest" data-provider="getData" finished-at="2025-03-03T15:52:41 IST" duration-ms="4765" status="PASS">
          <params>
            <param index="0">
              <value>
                <![CDATA[{password=Test1234!, product=ADIDAS ORIGINAL, email=ranjanamitr@gmail.com}]]>
              </value>
            </param>
          </params>
          <reporter-output>
          </reporter-output>
        </test-method> <!-- submitOrderTest -->
        <test-method is-config="true" signature="tearDown()[pri:0, instance:rahulshettyacademy.tests.SampleOrderTestSixthJson@1807f5a7]" started-at="2025-03-03T15:52:41 IST" name="tearDown" finished-at="2025-03-03T15:52:41 IST" duration-ms="0" status="PASS">
          <reporter-output>
          </reporter-output>
        </test-method> <!-- tearDown -->
        <test-method is-config="true" signature="launchApplication()[pri:0, instance:rahulshettyacademy.tests.SampleOrderTestSixthJson@1807f5a7]" started-at="2025-03-03T15:52:41 IST" name="launchApplication" finished-at="2025-03-03T15:52:47 IST" duration-ms="6169" status="PASS">
          <reporter-output>
          </reporter-output>
        </test-method> <!-- launchApplication -->
        <test-method signature="OrderHistoryTest()[pri:0, instance:rahulshettyacademy.tests.SampleOrderTestSixthJson@1807f5a7]" started-at="2025-03-03T15:52:47 IST" name="OrderHistoryTest" finished-at="2025-03-03T15:52:49 IST" depends-on-methods="rahulshettyacademy.tests.SampleOrderTestSixthJson.submitOrderTest" duration-ms="1085" status="PASS">
          <reporter-output>
          </reporter-output>
        </test-method> <!-- OrderHistoryTest -->
        <test-method is-config="true" signature="tearDown()[pri:0, instance:rahulshettyacademy.tests.SampleOrderTestSixthJson@1807f5a7]" started-at="2025-03-03T15:52:49 IST" name="tearDown" finished-at="2025-03-03T15:52:49 IST" duration-ms="0" status="PASS">
          <reporter-output>
          </reporter-output>
        </test-method> <!-- tearDown -->
      </class> <!-- rahulshettyacademy.tests.SampleOrderTestSixthJson -->
    </test> <!-- Submit Order Test -->
  </suite> <!-- Suite -->
</testng-results>
